{"/home/travis/build/npmtest/node-npmtest-strftime/test.js":{"path":"/home/travis/build/npmtest/node-npmtest-strftime/test.js","s":{"1":2,"2":2,"3":2,"4":2,"5":2,"6":2,"7":2,"8":1,"9":2,"10":2,"11":1,"12":1,"13":1,"14":1,"15":2,"16":2,"17":2,"18":2,"19":1,"20":1,"21":2,"22":2,"23":2,"24":1,"25":1,"26":1,"27":1,"28":1,"29":1,"30":1,"31":1,"32":1,"33":1,"34":1,"35":1,"36":1,"37":2,"38":2,"39":1,"40":2,"41":2,"42":1,"43":2,"44":2,"45":1,"46":2,"47":2,"48":1,"49":1,"50":1,"51":1,"52":1},"b":{"1":[2,1,1,1],"2":[1,1,1,1],"3":[1,1],"4":[1,1],"5":[1,1],"6":[1,1],"7":[1,1],"8":[1,1],"9":[1,1,1],"10":[1,1],"11":[1,1],"12":[1,1],"13":[1,1],"14":[1,1],"15":[1,1],"16":[1,1]},"f":{"1":2,"2":2,"3":2,"4":2,"5":2,"6":1,"7":1,"8":2,"9":2,"10":2,"11":2,"12":1},"fnMap":{"1":{"name":"(anonymous_1)","line":12,"loc":{"start":{"line":12,"column":1},"end":{"line":12,"column":13}}},"2":{"name":"(anonymous_2)","line":19,"loc":{"start":{"line":19,"column":5},"end":{"line":19,"column":17}}},"3":{"name":"(anonymous_3)","line":23,"loc":{"start":{"line":23,"column":24},"end":{"line":23,"column":36}}},"4":{"name":"(anonymous_4)","line":61,"loc":{"start":{"line":61,"column":5},"end":{"line":61,"column":17}}},"5":{"name":"(anonymous_5)","line":82,"loc":{"start":{"line":82,"column":5},"end":{"line":82,"column":17}}},"6":{"name":"(anonymous_6)","line":102,"loc":{"start":{"line":102,"column":83},"end":{"line":105,"column":10}},"skip":true},"7":{"name":"(anonymous_7)","line":113,"loc":{"start":{"line":113,"column":77},"end":{"line":116,"column":10}},"skip":true},"8":{"name":"(anonymous_8)","line":129,"loc":{"start":{"line":129,"column":12},"end":{"line":129,"column":40}},"skip":true},"9":{"name":"(anonymous_9)","line":137,"loc":{"start":{"line":137,"column":77},"end":{"line":140,"column":10}},"skip":true},"10":{"name":"(anonymous_10)","line":148,"loc":{"start":{"line":148,"column":83},"end":{"line":151,"column":10}},"skip":true},"11":{"name":"(anonymous_11)","line":159,"loc":{"start":{"line":159,"column":79},"end":{"line":162,"column":10}},"skip":true},"12":{"name":"(anonymous_12)","line":170,"loc":{"start":{"line":170,"column":75},"end":{"line":173,"column":10}},"skip":true}},"statementMap":{"1":{"start":{"line":12,"column":0},"end":{"line":185,"column":5}},"2":{"start":{"line":14,"column":4},"end":{"line":14,"column":14}},"3":{"start":{"line":19,"column":4},"end":{"line":56,"column":9}},"4":{"start":{"line":21,"column":8},"end":{"line":21,"column":19}},"5":{"start":{"line":23,"column":8},"end":{"line":35,"column":13}},"6":{"start":{"line":24,"column":12},"end":{"line":34,"column":13}},"7":{"start":{"line":25,"column":16},"end":{"line":28,"column":30}},"8":{"start":{"line":30,"column":16},"end":{"line":33,"column":27}},"9":{"start":{"line":37,"column":8},"end":{"line":39,"column":21}},"10":{"start":{"line":40,"column":8},"end":{"line":53,"column":9}},"11":{"start":{"line":43,"column":12},"end":{"line":46,"column":14}},"12":{"start":{"line":47,"column":12},"end":{"line":47,"column":18}},"13":{"start":{"line":50,"column":12},"end":{"line":51,"column":46}},"14":{"start":{"line":52,"column":12},"end":{"line":52,"column":18}},"15":{"start":{"line":55,"column":8},"end":{"line":55,"column":35}},"16":{"start":{"line":61,"column":4},"end":{"line":63,"column":9}},"17":{"start":{"line":62,"column":8},"end":{"line":62,"column":15}},"18":{"start":{"line":64,"column":4},"end":{"line":77,"column":5}},"19":{"start":{"line":70,"column":8},"end":{"line":70,"column":14}},"20":{"start":{"line":76,"column":8},"end":{"line":76,"column":14}},"21":{"start":{"line":82,"column":4},"end":{"line":84,"column":9}},"22":{"start":{"line":83,"column":8},"end":{"line":83,"column":15}},"23":{"start":{"line":85,"column":4},"end":{"line":184,"column":5}},"24":{"start":{"line":92,"column":8},"end":{"line":94,"column":63}},"25":{"start":{"line":95,"column":8},"end":{"line":95,"column":14}},"26":{"start":{"line":102,"column":8},"end":{"line":111,"column":10},"skip":true},"27":{"start":{"line":109,"column":12},"end":{"line":109,"column":55},"skip":true},"28":{"start":{"line":110,"column":12},"end":{"line":110,"column":48},"skip":true},"29":{"start":{"line":113,"column":8},"end":{"line":126,"column":10},"skip":true},"30":{"start":{"line":120,"column":12},"end":{"line":120,"column":76},"skip":true},"31":{"start":{"line":121,"column":12},"end":{"line":121,"column":73},"skip":true},"32":{"start":{"line":122,"column":12},"end":{"line":122,"column":74},"skip":true},"33":{"start":{"line":123,"column":12},"end":{"line":123,"column":79},"skip":true},"34":{"start":{"line":124,"column":12},"end":{"line":124,"column":25},"skip":true},"35":{"start":{"line":125,"column":12},"end":{"line":125,"column":45},"skip":true},"36":{"start":{"line":128,"column":8},"end":{"line":135,"column":14},"skip":true},"37":{"start":{"line":133,"column":16},"end":{"line":133,"column":29},"skip":true},"38":{"start":{"line":134,"column":16},"end":{"line":134,"column":55},"skip":true},"39":{"start":{"line":137,"column":8},"end":{"line":146,"column":10},"skip":true},"40":{"start":{"line":144,"column":12},"end":{"line":144,"column":25},"skip":true},"41":{"start":{"line":145,"column":12},"end":{"line":145,"column":45},"skip":true},"42":{"start":{"line":148,"column":8},"end":{"line":157,"column":10},"skip":true},"43":{"start":{"line":155,"column":12},"end":{"line":155,"column":25},"skip":true},"44":{"start":{"line":156,"column":12},"end":{"line":156,"column":48},"skip":true},"45":{"start":{"line":159,"column":8},"end":{"line":168,"column":10},"skip":true},"46":{"start":{"line":166,"column":12},"end":{"line":166,"column":25},"skip":true},"47":{"start":{"line":167,"column":12},"end":{"line":167,"column":46},"skip":true},"48":{"start":{"line":170,"column":8},"end":{"line":179,"column":10},"skip":true},"49":{"start":{"line":177,"column":12},"end":{"line":177,"column":94},"skip":true},"50":{"start":{"line":178,"column":12},"end":{"line":178,"column":48},"skip":true},"51":{"start":{"line":182,"column":8},"end":{"line":182,"column":35},"skip":true},"52":{"start":{"line":183,"column":8},"end":{"line":183,"column":14},"skip":true}},"branchMap":{"1":{"line":25,"type":"binary-expr","locations":[{"start":{"line":25,"column":23},"end":{"line":25,"column":62}},{"start":{"line":26,"column":20},"end":{"line":26,"column":70}},{"start":{"line":27,"column":20},"end":{"line":27,"column":71}},{"start":{"line":28,"column":20},"end":{"line":28,"column":29}}]},"2":{"line":30,"type":"binary-expr","locations":[{"start":{"line":30,"column":23},"end":{"line":30,"column":37}},{"start":{"line":31,"column":20},"end":{"line":31,"column":61}},{"start":{"line":32,"column":20},"end":{"line":32,"column":70}},{"start":{"line":33,"column":20},"end":{"line":33,"column":26}}]},"3":{"line":37,"type":"cond-expr","locations":[{"start":{"line":38,"column":14},"end":{"line":38,"column":20}},{"start":{"line":39,"column":14},"end":{"line":39,"column":20}}]},"4":{"line":40,"type":"switch","locations":[{"start":{"line":42,"column":8},"end":{"line":47,"column":18}},{"start":{"line":49,"column":8},"end":{"line":52,"column":18}}]},"5":{"line":44,"type":"binary-expr","locations":[{"start":{"line":44,"column":16},"end":{"line":44,"column":44}},{"start":{"line":44,"column":48},"end":{"line":44,"column":66}}]},"6":{"line":50,"type":"binary-expr","locations":[{"start":{"line":50,"column":21},"end":{"line":50,"column":49}},{"start":{"line":50,"column":53},"end":{"line":50,"column":72}}]},"7":{"line":64,"type":"switch","locations":[{"start":{"line":69,"column":4},"end":{"line":70,"column":14}},{"start":{"line":75,"column":4},"end":{"line":76,"column":14}}]},"8":{"line":85,"type":"switch","locations":[{"start":{"line":90,"column":4},"end":{"line":95,"column":14}},{"start":{"line":101,"column":4},"end":{"line":183,"column":14},"skip":true}]},"9":{"line":92,"type":"binary-expr","locations":[{"start":{"line":92,"column":18},"end":{"line":92,"column":32}},{"start":{"line":93,"column":12},"end":{"line":93,"column":53}},{"start":{"line":94,"column":12},"end":{"line":94,"column":61}}]},"10":{"line":102,"type":"binary-expr","locations":[{"start":{"line":102,"column":45},"end":{"line":102,"column":79},"skip":true},{"start":{"line":102,"column":83},"end":{"line":111,"column":9},"skip":true}]},"11":{"line":113,"type":"binary-expr","locations":[{"start":{"line":113,"column":42},"end":{"line":113,"column":73},"skip":true},{"start":{"line":113,"column":77},"end":{"line":126,"column":9},"skip":true}]},"12":{"line":128,"type":"binary-expr","locations":[{"start":{"line":128,"column":48},"end":{"line":128,"column":85},"skip":true},{"start":{"line":129,"column":12},"end":{"line":135,"column":13},"skip":true}]},"13":{"line":137,"type":"binary-expr","locations":[{"start":{"line":137,"column":42},"end":{"line":137,"column":73},"skip":true},{"start":{"line":137,"column":77},"end":{"line":146,"column":9},"skip":true}]},"14":{"line":148,"type":"binary-expr","locations":[{"start":{"line":148,"column":45},"end":{"line":148,"column":79},"skip":true},{"start":{"line":148,"column":83},"end":{"line":157,"column":9},"skip":true}]},"15":{"line":159,"type":"binary-expr","locations":[{"start":{"line":159,"column":43},"end":{"line":159,"column":75},"skip":true},{"start":{"line":159,"column":79},"end":{"line":168,"column":9},"skip":true}]},"16":{"line":170,"type":"binary-expr","locations":[{"start":{"line":170,"column":41},"end":{"line":170,"column":71},"skip":true},{"start":{"line":170,"column":75},"end":{"line":179,"column":9},"skip":true}]}},"code":["/* istanbul instrument in package npmtest_strftime */","/*jslint","    bitwise: true,","    browser: true,","    maxerr: 8,","    maxlen: 96,","    node: true,","    nomen: true,","    regexp: true,","    stupid: true","*/","(function () {","    'use strict';","    var local;","","","","    // run shared js-env code - pre-init","    (function () {","        // init local","        local = {};","        // init modeJs","        local.modeJs = (function () {","            try {","                return typeof navigator.userAgent === 'string' &&","                    typeof document.querySelector('body') === 'object' &&","                    typeof XMLHttpRequest.prototype.open === 'function' &&","                    'browser';","            } catch (errorCaughtBrowser) {","                return module.exports &&","                    typeof process.versions.node === 'string' &&","                    typeof require('http').createServer === 'function' &&","                    'node';","            }","        }());","        // init global","        local.global = local.modeJs === 'browser'","            ? window","            : global;","        switch (local.modeJs) {","        // re-init local from window.local","        case 'browser':","            local = local.global.utility2.objectSetDefault(","                local.global.utility2_rollup || local.global.local,","                local.global.utility2","            );","            break;","        // re-init local from example.js","        case 'node':","            local = (local.global.utility2_rollup || require('utility2'))","                .requireExampleJsFromReadme();","            break;","        }","        // export local","        local.global.local = local;","    }());","","","","    // run shared js-env code - function","    (function () {","        return;","    }());","    switch (local.modeJs) {","","","","    // run browser js-env code - function","    case 'browser':","        break;","","","","    // run node js-env code - function","    case 'node':","        break;","    }","","","","    // run shared js-env code - post-init","    (function () {","        return;","    }());","    switch (local.modeJs) {","","","","    // run browser js-env code - post-init","    case 'browser':","        // run tests","        local.nop(local.modeTest &&","            document.querySelector('#testRunButton1') &&","            document.querySelector('#testRunButton1').click());","        break;","","","","    // run node js-env code - post-init","    /* istanbul ignore next */","    case 'node':","        local.testCase_buildApidoc_default = local.testCase_buildApidoc_default || function (","            options,","            onError","        ) {","        /*","         * this function will test buildApidoc's default handling-behavior-behavior","         */","            options = { modulePathList: module.paths };","            local.buildApidoc(options, onError);","        };","","        local.testCase_buildApp_default = local.testCase_buildApp_default || function (","            options,","            onError","        ) {","        /*","         * this function will test buildApp's default handling-behavior-behavior","         */","            local.testCase_buildReadme_default(options, local.onErrorThrow);","            local.testCase_buildLib_default(options, local.onErrorThrow);","            local.testCase_buildTest_default(options, local.onErrorThrow);","            local.testCase_buildCustomOrg_default(options, local.onErrorThrow);","            options = [];","            local.buildApp(options, onError);","        };","","        local.testCase_buildCustomOrg_default = local.testCase_buildCustomOrg_default ||","            function (options, onError) {","            /*","             * this function will test buildCustomOrg's default handling-behavior","             */","                options = {};","                local.buildCustomOrg(options, onError);","            };","","        local.testCase_buildLib_default = local.testCase_buildLib_default || function (","            options,","            onError","        ) {","        /*","         * this function will test buildLib's default handling-behavior","         */","            options = {};","            local.buildLib(options, onError);","        };","","        local.testCase_buildReadme_default = local.testCase_buildReadme_default || function (","            options,","            onError","        ) {","        /*","         * this function will test buildReadme's default handling-behavior-behavior","         */","            options = {};","            local.buildReadme(options, onError);","        };","","        local.testCase_buildTest_default = local.testCase_buildTest_default || function (","            options,","            onError","        ) {","        /*","         * this function will test buildTest's default handling-behavior","         */","            options = {};","            local.buildTest(options, onError);","        };","","        local.testCase_webpage_default = local.testCase_webpage_default || function (","            options,","            onError","        ) {","        /*","         * this function will test webpage's default handling-behavior","         */","            options = { modeCoverageMerge: true, url: local.serverLocalHost + '?modeTest=1' };","            local.browserTest(options, onError);","        };","","        // run test-server","        local.testRunServer(local);","        break;","    }","}());",""],"l":{"12":2,"14":2,"19":2,"21":2,"23":2,"24":2,"25":2,"30":1,"37":2,"40":2,"43":1,"47":1,"50":1,"52":1,"55":2,"61":2,"62":2,"64":2,"70":1,"76":1,"82":2,"83":2,"85":2,"92":1,"95":1,"102":1,"109":1,"110":1,"113":1,"120":1,"121":1,"122":1,"123":1,"124":1,"125":1,"128":1,"133":2,"134":2,"137":1,"144":2,"145":2,"148":1,"155":2,"156":2,"159":1,"166":2,"167":2,"170":1,"177":1,"178":1,"182":1,"183":1}},"/home/travis/build/npmtest/node-npmtest-strftime/lib.npmtest_strftime.js":{"path":"/home/travis/build/npmtest/node-npmtest-strftime/lib.npmtest_strftime.js","s":{"1":2,"2":2,"3":2,"4":2,"5":2,"6":2,"7":2,"8":1,"9":2,"10":2,"11":2,"12":2,"13":1,"14":1,"15":1,"16":1},"b":{"1":[2,1,1,1],"2":[1,1,1,1],"3":[1,1],"4":[2,2],"5":[1,1]},"f":{"1":2,"2":2,"3":2},"fnMap":{"1":{"name":"(anonymous_1)","line":12,"loc":{"start":{"line":12,"column":1},"end":{"line":12,"column":13}}},"2":{"name":"(anonymous_2)","line":19,"loc":{"start":{"line":19,"column":5},"end":{"line":19,"column":17}}},"3":{"name":"(anonymous_3)","line":23,"loc":{"start":{"line":23,"column":24},"end":{"line":23,"column":36}}}},"statementMap":{"1":{"start":{"line":12,"column":0},"end":{"line":53,"column":5}},"2":{"start":{"line":14,"column":4},"end":{"line":14,"column":14}},"3":{"start":{"line":19,"column":4},"end":{"line":52,"column":9}},"4":{"start":{"line":21,"column":8},"end":{"line":21,"column":19}},"5":{"start":{"line":23,"column":8},"end":{"line":35,"column":13}},"6":{"start":{"line":24,"column":12},"end":{"line":34,"column":13}},"7":{"start":{"line":25,"column":16},"end":{"line":28,"column":30}},"8":{"start":{"line":30,"column":16},"end":{"line":33,"column":27}},"9":{"start":{"line":37,"column":8},"end":{"line":39,"column":21}},"10":{"start":{"line":41,"column":8},"end":{"line":41,"column":54}},"11":{"start":{"line":43,"column":8},"end":{"line":43,"column":53}},"12":{"start":{"line":45,"column":8},"end":{"line":51,"column":9}},"13":{"start":{"line":46,"column":12},"end":{"line":46,"column":59}},"14":{"start":{"line":48,"column":12},"end":{"line":48,"column":35}},"15":{"start":{"line":49,"column":12},"end":{"line":49,"column":49}},"16":{"start":{"line":50,"column":12},"end":{"line":50,"column":43}}},"branchMap":{"1":{"line":25,"type":"binary-expr","locations":[{"start":{"line":25,"column":23},"end":{"line":25,"column":62}},{"start":{"line":26,"column":20},"end":{"line":26,"column":70}},{"start":{"line":27,"column":20},"end":{"line":27,"column":71}},{"start":{"line":28,"column":20},"end":{"line":28,"column":29}}]},"2":{"line":30,"type":"binary-expr","locations":[{"start":{"line":30,"column":23},"end":{"line":30,"column":37}},{"start":{"line":31,"column":20},"end":{"line":31,"column":61}},{"start":{"line":32,"column":20},"end":{"line":32,"column":70}},{"start":{"line":33,"column":20},"end":{"line":33,"column":26}}]},"3":{"line":37,"type":"cond-expr","locations":[{"start":{"line":38,"column":14},"end":{"line":38,"column":20}},{"start":{"line":39,"column":14},"end":{"line":39,"column":20}}]},"4":{"line":41,"type":"binary-expr","locations":[{"start":{"line":41,"column":16},"end":{"line":41,"column":44}},{"start":{"line":41,"column":48},"end":{"line":41,"column":53}}]},"5":{"line":45,"type":"if","locations":[{"start":{"line":45,"column":8},"end":{"line":45,"column":8}},{"start":{"line":45,"column":8},"end":{"line":45,"column":8}}]}},"code":["/* istanbul instrument in package npmtest_strftime */","/*jslint","    bitwise: true,","    browser: true,","    maxerr: 8,","    maxlen: 96,","    node: true,","    nomen: true,","    regexp: true,","    stupid: true","*/","(function () {","    'use strict';","    var local;","","","","    // run shared js-env code - pre-init","    (function () {","        // init local","        local = {};","        // init modeJs","        local.modeJs = (function () {","            try {","                return typeof navigator.userAgent === 'string' &&","                    typeof document.querySelector('body') === 'object' &&","                    typeof XMLHttpRequest.prototype.open === 'function' &&","                    'browser';","            } catch (errorCaughtBrowser) {","                return module.exports &&","                    typeof process.versions.node === 'string' &&","                    typeof require('http').createServer === 'function' &&","                    'node';","            }","        }());","        // init global","        local.global = local.modeJs === 'browser'","            ? window","            : global;","        // init utility2_rollup","        local = local.global.utility2_rollup || local;","        // init lib","        local.local = local.npmtest_strftime = local;","        // init exports","        if (local.modeJs === 'browser') {","            local.global.utility2_npmtest_strftime = local;","        } else {","            module.exports = local;","            module.exports.__dirname = __dirname;","            module.exports.module = module;","        }","    }());","}());",""],"l":{"12":2,"14":2,"19":2,"21":2,"23":2,"24":2,"25":2,"30":1,"37":2,"41":2,"43":2,"45":2,"46":1,"48":1,"49":1,"50":1}},"/home/travis/build/npmtest/node-npmtest-strftime/example.js":{"path":"/home/travis/build/npmtest/node-npmtest-strftime/example.js","s":{"1":2,"2":2,"3":2,"4":2,"5":2,"6":2,"7":2,"8":1,"9":2,"10":2,"11":2,"12":2,"13":1,"14":2,"15":2,"16":2,"17":2,"18":2,"19":0,"20":2,"21":1,"22":1,"23":1,"24":1,"25":1,"26":0,"27":0,"28":1,"29":1,"30":2,"31":0,"32":0,"33":0,"34":1,"35":2,"36":2,"37":2,"38":2,"39":2,"40":2,"41":0,"42":2,"43":2,"44":2,"45":1,"46":3,"47":1,"48":1,"49":1,"50":1,"51":1,"52":1,"53":1,"54":1,"55":1,"56":1,"57":0,"58":1,"59":6,"60":6,"61":1,"62":2,"63":0,"64":2,"65":1,"66":1,"67":0,"68":0,"69":0,"70":0,"71":0,"72":0,"73":0,"74":0,"75":0,"76":0,"77":0,"78":0,"79":0,"80":0,"81":0,"82":0,"83":0},"b":{"1":[2,1,1,1],"2":[1,1,1,1],"3":[1,1],"4":[2,2],"5":[1,1],"6":[1,1],"7":[2,0],"8":[2,1,1,1,1,1],"9":[0,2,0],"10":[1,1],"11":[2,1,1],"12":[1,0],"13":[0,2],"14":[2,0,0,0,0,0,0],"15":[0,2],"16":[2,0],"17":[1,1],"18":[0,1],"19":[1,2,0,2],"20":[1,0],"21":[1,1],"22":[0,0],"23":[0,0],"24":[0,0],"25":[0,0],"26":[0,0],"27":[0,0],"28":[0,0]},"f":{"1":2,"2":2,"3":2,"4":2,"5":2,"6":2,"7":2,"8":2,"9":3,"10":1,"11":6,"12":0},"fnMap":{"1":{"name":"(anonymous_1)","line":26,"loc":{"start":{"line":26,"column":1},"end":{"line":26,"column":13}}},"2":{"name":"(anonymous_2)","line":33,"loc":{"start":{"line":33,"column":5},"end":{"line":33,"column":17}}},"3":{"name":"(anonymous_3)","line":37,"loc":{"start":{"line":37,"column":24},"end":{"line":37,"column":36}}},"4":{"name":"(anonymous_4)","line":69,"loc":{"start":{"line":69,"column":31},"end":{"line":69,"column":48}},"skip":true},"5":{"name":"(anonymous_5)","line":78,"loc":{"start":{"line":78,"column":26},"end":{"line":78,"column":45}},"skip":true},"6":{"name":"(anonymous_6)","line":123,"loc":{"start":{"line":123,"column":33},"end":{"line":123,"column":48}},"skip":true},"7":{"name":"(anonymous_7)","line":125,"loc":{"start":{"line":125,"column":27},"end":{"line":125,"column":39}},"skip":true},"8":{"name":"(anonymous_8)","line":133,"loc":{"start":{"line":133,"column":59},"end":{"line":133,"column":74}},"skip":true},"9":{"name":"(anonymous_9)","line":143,"loc":{"start":{"line":143,"column":45},"end":{"line":143,"column":62}},"skip":true},"10":{"name":"(anonymous_10)","line":144,"loc":{"start":{"line":144,"column":73},"end":{"line":144,"column":92}},"skip":true},"11":{"name":"(anonymous_11)","line":272,"loc":{"start":{"line":272,"column":51},"end":{"line":272,"column":77}},"skip":true},"12":{"name":"(anonymous_12)","line":314,"loc":{"start":{"line":314,"column":32},"end":{"line":314,"column":61}},"skip":true}},"statementMap":{"1":{"start":{"line":26,"column":0},"end":{"line":325,"column":5}},"2":{"start":{"line":28,"column":4},"end":{"line":28,"column":14}},"3":{"start":{"line":33,"column":4},"end":{"line":60,"column":9}},"4":{"start":{"line":35,"column":8},"end":{"line":35,"column":19}},"5":{"start":{"line":37,"column":8},"end":{"line":49,"column":13}},"6":{"start":{"line":38,"column":12},"end":{"line":48,"column":13}},"7":{"start":{"line":39,"column":16},"end":{"line":42,"column":30}},"8":{"start":{"line":44,"column":16},"end":{"line":47,"column":27}},"9":{"start":{"line":51,"column":8},"end":{"line":53,"column":21}},"10":{"start":{"line":55,"column":8},"end":{"line":57,"column":45}},"11":{"start":{"line":59,"column":8},"end":{"line":59,"column":35}},"12":{"start":{"line":61,"column":4},"end":{"line":324,"column":5}},"13":{"start":{"line":69,"column":8},"end":{"line":121,"column":10},"skip":true},"14":{"start":{"line":70,"column":12},"end":{"line":88,"column":13},"skip":true},"15":{"start":{"line":76,"column":16},"end":{"line":87,"column":19},"skip":true},"16":{"start":{"line":79,"column":20},"end":{"line":86,"column":21},"skip":true},"17":{"start":{"line":82,"column":24},"end":{"line":82,"column":43},"skip":true},"18":{"start":{"line":83,"column":24},"end":{"line":83,"column":30},"skip":true},"19":{"start":{"line":85,"column":24},"end":{"line":85,"column":49},"skip":true},"20":{"start":{"line":89,"column":12},"end":{"line":107,"column":13},"skip":true},"21":{"start":{"line":92,"column":16},"end":{"line":102,"column":17},"skip":true},"22":{"start":{"line":93,"column":20},"end":{"line":93,"column":86},"skip":true},"23":{"start":{"line":94,"column":20},"end":{"line":95,"column":45},"skip":true},"24":{"start":{"line":96,"column":20},"end":{"line":96,"column":42},"skip":true},"25":{"start":{"line":97,"column":20},"end":{"line":97,"column":48},"skip":true},"26":{"start":{"line":100,"column":20},"end":{"line":100,"column":85},"skip":true},"27":{"start":{"line":101,"column":20},"end":{"line":101,"column":96},"skip":true},"28":{"start":{"line":103,"column":16},"end":{"line":103,"column":22},"skip":true},"29":{"start":{"line":106,"column":16},"end":{"line":106,"column":22},"skip":true},"30":{"start":{"line":108,"column":12},"end":{"line":120,"column":13},"skip":true},"31":{"start":{"line":114,"column":16},"end":{"line":119,"column":17},"skip":true},"32":{"start":{"line":116,"column":20},"end":{"line":116,"column":78},"skip":true},"33":{"start":{"line":118,"column":20},"end":{"line":118,"column":53},"skip":true},"34":{"start":{"line":123,"column":8},"end":{"line":141,"column":11},"skip":true},"35":{"start":{"line":124,"column":12},"end":{"line":124,"column":54},"skip":true},"36":{"start":{"line":125,"column":12},"end":{"line":140,"column":14},"skip":true},"37":{"start":{"line":126,"column":16},"end":{"line":126,"column":28},"skip":true},"38":{"start":{"line":127,"column":16},"end":{"line":127,"column":69},"skip":true},"39":{"start":{"line":128,"column":16},"end":{"line":128,"column":75},"skip":true},"40":{"start":{"line":129,"column":16},"end":{"line":131,"column":17},"skip":true},"41":{"start":{"line":130,"column":20},"end":{"line":130,"column":27},"skip":true},"42":{"start":{"line":133,"column":16},"end":{"line":137,"column":36},"skip":true},"43":{"start":{"line":134,"column":20},"end":{"line":136,"column":55},"skip":true},"44":{"start":{"line":139,"column":16},"end":{"line":139,"column":57},"skip":true},"45":{"start":{"line":143,"column":8},"end":{"line":147,"column":11},"skip":true},"46":{"start":{"line":144,"column":12},"end":{"line":146,"column":15},"skip":true},"47":{"start":{"line":145,"column":16},"end":{"line":145,"column":70},"skip":true},"48":{"start":{"line":149,"column":8},"end":{"line":149,"column":31},"skip":true},"49":{"start":{"line":150,"column":8},"end":{"line":150,"column":14},"skip":true},"50":{"start":{"line":158,"column":8},"end":{"line":158,"column":31},"skip":true},"51":{"start":{"line":160,"column":8},"end":{"line":160,"column":33},"skip":true},"52":{"start":{"line":161,"column":8},"end":{"line":161,"column":37},"skip":true},"53":{"start":{"line":162,"column":8},"end":{"line":162,"column":35},"skip":true},"54":{"start":{"line":164,"column":8},"end":{"line":164,"column":50},"skip":true},"55":{"start":{"line":166,"column":8},"end":{"line":256,"column":2},"skip":true},"56":{"start":{"line":258,"column":8},"end":{"line":286,"column":9},"skip":true},"57":{"start":{"line":259,"column":12},"end":{"line":269,"column":14},"skip":true},"58":{"start":{"line":271,"column":12},"end":{"line":285,"column":19},"skip":true},"59":{"start":{"line":274,"column":20},"end":{"line":274,"column":35},"skip":true},"60":{"start":{"line":275,"column":20},"end":{"line":284,"column":21},"skip":true},"61":{"start":{"line":277,"column":24},"end":{"line":277,"column":64},"skip":true},"62":{"start":{"line":279,"column":24},"end":{"line":279,"column":40},"skip":true},"63":{"start":{"line":281,"column":24},"end":{"line":281,"column":40},"skip":true},"64":{"start":{"line":283,"column":24},"end":{"line":283,"column":39},"skip":true},"65":{"start":{"line":288,"column":8},"end":{"line":290,"column":9},"skip":true},"66":{"start":{"line":289,"column":12},"end":{"line":289,"column":18},"skip":true},"67":{"start":{"line":291,"column":8},"end":{"line":293,"column":54},"skip":true},"68":{"start":{"line":294,"column":8},"end":{"line":301,"column":37},"skip":true},"69":{"start":{"line":302,"column":8},"end":{"line":302,"column":82},"skip":true},"70":{"start":{"line":305,"column":8},"end":{"line":307,"column":9},"skip":true},"71":{"start":{"line":306,"column":12},"end":{"line":306,"column":82},"skip":true},"72":{"start":{"line":309,"column":8},"end":{"line":311,"column":9},"skip":true},"73":{"start":{"line":310,"column":12},"end":{"line":310,"column":18},"skip":true},"74":{"start":{"line":312,"column":8},"end":{"line":312,"column":54},"skip":true},"75":{"start":{"line":313,"column":8},"end":{"line":313,"column":69},"skip":true},"76":{"start":{"line":314,"column":8},"end":{"line":322,"column":36},"skip":true},"77":{"start":{"line":315,"column":12},"end":{"line":315,"column":61},"skip":true},"78":{"start":{"line":316,"column":12},"end":{"line":319,"column":13},"skip":true},"79":{"start":{"line":317,"column":16},"end":{"line":317,"column":75},"skip":true},"80":{"start":{"line":318,"column":16},"end":{"line":318,"column":23},"skip":true},"81":{"start":{"line":320,"column":12},"end":{"line":320,"column":38},"skip":true},"82":{"start":{"line":321,"column":12},"end":{"line":321,"column":27},"skip":true},"83":{"start":{"line":323,"column":8},"end":{"line":323,"column":14},"skip":true}},"branchMap":{"1":{"line":39,"type":"binary-expr","locations":[{"start":{"line":39,"column":23},"end":{"line":39,"column":62}},{"start":{"line":40,"column":20},"end":{"line":40,"column":70}},{"start":{"line":41,"column":20},"end":{"line":41,"column":71}},{"start":{"line":42,"column":20},"end":{"line":42,"column":29}}]},"2":{"line":44,"type":"binary-expr","locations":[{"start":{"line":44,"column":23},"end":{"line":44,"column":37}},{"start":{"line":45,"column":20},"end":{"line":45,"column":61}},{"start":{"line":46,"column":20},"end":{"line":46,"column":70}},{"start":{"line":47,"column":20},"end":{"line":47,"column":26}}]},"3":{"line":51,"type":"cond-expr","locations":[{"start":{"line":52,"column":14},"end":{"line":52,"column":20}},{"start":{"line":53,"column":14},"end":{"line":53,"column":20}}]},"4":{"line":55,"type":"binary-expr","locations":[{"start":{"line":55,"column":16},"end":{"line":55,"column":44}},{"start":{"line":55,"column":49},"end":{"line":57,"column":43}}]},"5":{"line":55,"type":"cond-expr","locations":[{"start":{"line":56,"column":14},"end":{"line":56,"column":52}},{"start":{"line":57,"column":14},"end":{"line":57,"column":43}}]},"6":{"line":61,"type":"switch","locations":[{"start":{"line":68,"column":4},"end":{"line":150,"column":14},"skip":true},{"start":{"line":156,"column":4},"end":{"line":323,"column":14},"skip":true}]},"7":{"line":70,"type":"if","locations":[{"start":{"line":70,"column":12},"end":{"line":70,"column":12},"skip":true},{"start":{"line":70,"column":12},"end":{"line":70,"column":12},"skip":true}]},"8":{"line":70,"type":"binary-expr","locations":[{"start":{"line":70,"column":16},"end":{"line":70,"column":22},"skip":true},{"start":{"line":70,"column":27},"end":{"line":70,"column":32},"skip":true},{"start":{"line":71,"column":20},"end":{"line":71,"column":39},"skip":true},{"start":{"line":72,"column":20},"end":{"line":72,"column":49},"skip":true},{"start":{"line":73,"column":20},"end":{"line":73,"column":58},"skip":true},{"start":{"line":74,"column":20},"end":{"line":74,"column":69},"skip":true}]},"9":{"line":79,"type":"switch","locations":[{"start":{"line":80,"column":20},"end":{"line":80,"column":33},"skip":true},{"start":{"line":81,"column":20},"end":{"line":83,"column":30},"skip":true},{"start":{"line":84,"column":20},"end":{"line":85,"column":49},"skip":true}]},"10":{"line":89,"type":"switch","locations":[{"start":{"line":90,"column":12},"end":{"line":103,"column":22},"skip":true},{"start":{"line":105,"column":12},"end":{"line":106,"column":22},"skip":true}]},"11":{"line":89,"type":"binary-expr","locations":[{"start":{"line":89,"column":20},"end":{"line":89,"column":25},"skip":true},{"start":{"line":89,"column":29},"end":{"line":89,"column":48},"skip":true},{"start":{"line":89,"column":52},"end":{"line":89,"column":74},"skip":true}]},"12":{"line":92,"type":"if","locations":[{"start":{"line":92,"column":16},"end":{"line":92,"column":16},"skip":true},{"start":{"line":92,"column":16},"end":{"line":92,"column":16},"skip":true}]},"13":{"line":108,"type":"if","locations":[{"start":{"line":108,"column":12},"end":{"line":108,"column":12},"skip":true},{"start":{"line":108,"column":12},"end":{"line":108,"column":12},"skip":true}]},"14":{"line":108,"type":"binary-expr","locations":[{"start":{"line":108,"column":16},"end":{"line":108,"column":61},"skip":true},{"start":{"line":108,"column":66},"end":{"line":108,"column":72},"skip":true},{"start":{"line":108,"column":77},"end":{"line":108,"column":82},"skip":true},{"start":{"line":109,"column":20},"end":{"line":109,"column":39},"skip":true},{"start":{"line":110,"column":20},"end":{"line":110,"column":49},"skip":true},{"start":{"line":111,"column":20},"end":{"line":111,"column":58},"skip":true},{"start":{"line":112,"column":20},"end":{"line":112,"column":68},"skip":true}]},"15":{"line":129,"type":"if","locations":[{"start":{"line":129,"column":16},"end":{"line":129,"column":16},"skip":true},{"start":{"line":129,"column":16},"end":{"line":129,"column":16},"skip":true}]},"16":{"line":134,"type":"cond-expr","locations":[{"start":{"line":135,"column":26},"end":{"line":135,"column":29},"skip":true},{"start":{"line":136,"column":26},"end":{"line":136,"column":54},"skip":true}]},"17":{"line":164,"type":"binary-expr","locations":[{"start":{"line":164,"column":27},"end":{"line":164,"column":43},"skip":true},{"start":{"line":164,"column":47},"end":{"line":164,"column":49},"skip":true}]},"18":{"line":258,"type":"if","locations":[{"start":{"line":258,"column":8},"end":{"line":258,"column":8},"skip":true},{"start":{"line":258,"column":8},"end":{"line":258,"column":8},"skip":true}]},"19":{"line":275,"type":"switch","locations":[{"start":{"line":276,"column":20},"end":{"line":277,"column":64},"skip":true},{"start":{"line":278,"column":20},"end":{"line":279,"column":40},"skip":true},{"start":{"line":280,"column":20},"end":{"line":281,"column":40},"skip":true},{"start":{"line":282,"column":20},"end":{"line":283,"column":39},"skip":true}]},"20":{"line":288,"type":"if","locations":[{"start":{"line":288,"column":8},"end":{"line":288,"column":8},"skip":true},{"start":{"line":288,"column":8},"end":{"line":288,"column":8},"skip":true}]},"21":{"line":288,"type":"binary-expr","locations":[{"start":{"line":288,"column":12},"end":{"line":288,"column":40},"skip":true},{"start":{"line":288,"column":44},"end":{"line":288,"column":67},"skip":true}]},"22":{"line":292,"type":"binary-expr","locations":[{"start":{"line":292,"column":12},"end":{"line":292,"column":50},"skip":true},{"start":{"line":293,"column":12},"end":{"line":293,"column":53},"skip":true}]},"23":{"line":295,"type":"binary-expr","locations":[{"start":{"line":295,"column":12},"end":{"line":295,"column":66},"skip":true},{"start":{"line":296,"column":12},"end":{"line":301,"column":36},"skip":true}]},"24":{"line":302,"type":"binary-expr","locations":[{"start":{"line":302,"column":43},"end":{"line":302,"column":75},"skip":true},{"start":{"line":302,"column":79},"end":{"line":302,"column":81},"skip":true}]},"25":{"line":305,"type":"if","locations":[{"start":{"line":305,"column":8},"end":{"line":305,"column":8},"skip":true},{"start":{"line":305,"column":8},"end":{"line":305,"column":8},"skip":true}]},"26":{"line":309,"type":"if","locations":[{"start":{"line":309,"column":8},"end":{"line":309,"column":8},"skip":true},{"start":{"line":309,"column":8},"end":{"line":309,"column":8},"skip":true}]},"27":{"line":312,"type":"binary-expr","locations":[{"start":{"line":312,"column":27},"end":{"line":312,"column":43},"skip":true},{"start":{"line":312,"column":47},"end":{"line":312,"column":53},"skip":true}]},"28":{"line":316,"type":"if","locations":[{"start":{"line":316,"column":12},"end":{"line":316,"column":12},"skip":true},{"start":{"line":316,"column":12},"end":{"line":316,"column":12},"skip":true}]}},"code":["/*","example.js","","quickstart example","","instruction","    1. save this script as example.js","    2. run the shell command:","        $ npm install npmtest-strftime && PORT=8081 node example.js","    3. play with the browser-demo on http://127.0.0.1:8081","*/","","","","/* istanbul instrument in package npmtest_strftime */","/*jslint","    bitwise: true,","    browser: true,","    maxerr: 8,","    maxlen: 96,","    node: true,","    nomen: true,","    regexp: true,","    stupid: true","*/","(function () {","    'use strict';","    var local;","","","","    // run shared js-env code - pre-init","    (function () {","        // init local","        local = {};","        // init modeJs","        local.modeJs = (function () {","            try {","                return typeof navigator.userAgent === 'string' &&","                    typeof document.querySelector('body') === 'object' &&","                    typeof XMLHttpRequest.prototype.open === 'function' &&","                    'browser';","            } catch (errorCaughtBrowser) {","                return module.exports &&","                    typeof process.versions.node === 'string' &&","                    typeof require('http').createServer === 'function' &&","                    'node';","            }","        }());","        // init global","        local.global = local.modeJs === 'browser'","            ? window","            : global;","        // init utility2_rollup","        local = local.global.utility2_rollup || (local.modeJs === 'browser'","            ? local.global.utility2_npmtest_strftime","            : global.utility2_moduleExports);","        // export local","        local.global.local = local;","    }());","    switch (local.modeJs) {","","","","    // post-init","    // run browser js-env code - post-init","    /* istanbul ignore next */","    case 'browser':","        local.testRunBrowser = function (event) {","            if (!event || (event &&","                    event.currentTarget &&","                    event.currentTarget.className &&","                    event.currentTarget.className.includes &&","                    event.currentTarget.className.includes('onreset'))) {","                // reset output","                Array.from(","                    document.querySelectorAll('body > .resettable')","                ).forEach(function (element) {","                    switch (element.tagName) {","                    case 'INPUT':","                    case 'TEXTAREA':","                        element.value = '';","                        break;","                    default:","                        element.textContent = '';","                    }","                });","            }","            switch (event && event.currentTarget && event.currentTarget.id) {","            case 'testRunButton1':","                // show tests","                if (document.querySelector('#testReportDiv1').style.display === 'none') {","                    document.querySelector('#testReportDiv1').style.display = 'block';","                    document.querySelector('#testRunButton1').textContent =","                        'hide internal test';","                    local.modeTest = true;","                    local.testRunDefault(local);","                // hide tests","                } else {","                    document.querySelector('#testReportDiv1').style.display = 'none';","                    document.querySelector('#testRunButton1').textContent = 'run internal test';","                }","                break;","            // custom-case","            default:","                break;","            }","            if (document.querySelector('#inputTextareaEval1') && (!event || (event &&","                    event.currentTarget &&","                    event.currentTarget.className &&","                    event.currentTarget.className.includes &&","                    event.currentTarget.className.includes('oneval')))) {","                // try to eval input-code","                try {","                    /*jslint evil: true*/","                    eval(document.querySelector('#inputTextareaEval1').value);","                } catch (errorCaught) {","                    console.error(errorCaught.stack);","                }","            }","        };","        // log stderr and stdout to #outputTextareaStdout1","        ['error', 'log'].forEach(function (key) {","            console[key + '_original'] = console[key];","            console[key] = function () {","                var element;","                console[key + '_original'].apply(console, arguments);","                element = document.querySelector('#outputTextareaStdout1');","                if (!element) {","                    return;","                }","                // append text to #outputTextareaStdout1","                element.value += Array.from(arguments).map(function (arg) {","                    return typeof arg === 'string'","                        ? arg","                        : JSON.stringify(arg, null, 4);","                }).join(' ') + '\\n';","                // scroll textarea to bottom","                element.scrollTop = element.scrollHeight;","            };","        });","        // init event-handling","        ['change', 'click', 'keyup'].forEach(function (event) {","            Array.from(document.querySelectorAll('.on' + event)).forEach(function (element) {","                element.addEventListener(event, local.testRunBrowser);","            });","        });","        // run tests","        local.testRunBrowser();","        break;","","","","    // run node js-env code - post-init","    /* istanbul ignore next */","    case 'node':","        // export local","        module.exports = local;","        // require modules","        local.fs = require('fs');","        local.http = require('http');","        local.url = require('url');","        // init assets","        local.assetsDict = local.assetsDict || {};","        /* jslint-ignore-begin */","        local.assetsDict['/assets.index.template.html'] = '\\","<!doctype html>\\n\\","<html lang=\"en\">\\n\\","<head>\\n\\","<meta charset=\"UTF-8\">\\n\\","<meta name=\"viewport\" content=\"width=device-width, initial-scale=1\">\\n\\","<title>{{env.npm_package_name}} (v{{env.npm_package_version}})</title>\\n\\","<style>\\n\\","/*csslint\\n\\","    box-sizing: false,\\n\\","    universal-selector: false\\n\\","*/\\n\\","* {\\n\\","    box-sizing: border-box;\\n\\","}\\n\\","body {\\n\\","    background: #dde;\\n\\","    font-family: Arial, Helvetica, sans-serif;\\n\\","    margin: 2rem;\\n\\","}\\n\\","body > * {\\n\\","    margin-bottom: 1rem;\\n\\","}\\n\\",".utility2FooterDiv {\\n\\","    margin-top: 20px;\\n\\","    text-align: center;\\n\\","}\\n\\","</style>\\n\\","<style>\\n\\","/*csslint\\n\\","*/\\n\\","textarea {\\n\\","    font-family: monospace;\\n\\","    height: 10rem;\\n\\","    width: 100%;\\n\\","}\\n\\","textarea[readonly] {\\n\\","    background: #ddd;\\n\\","}\\n\\","</style>\\n\\","</head>\\n\\","<body>\\n\\","<!-- utility2-comment\\n\\","<div id=\"ajaxProgressDiv1\" style=\"background: #d00; height: 2px; left: 0; margin: 0; padding: 0; position: fixed; top: 0; transition: background 0.5s, width 1.5s; width: 25%;\"></div>\\n\\","utility2-comment -->\\n\\","<h1>\\n\\","<!-- utility2-comment\\n\\","    <a\\n\\","        {{#if env.npm_package_homepage}}\\n\\","        href=\"{{env.npm_package_homepage}}\"\\n\\","        {{/if env.npm_package_homepage}}\\n\\","        target=\"_blank\"\\n\\","    >\\n\\","utility2-comment -->\\n\\","        {{env.npm_package_name}} (v{{env.npm_package_version}})\\n\\","<!-- utility2-comment\\n\\","    </a>\\n\\","utility2-comment -->\\n\\","</h1>\\n\\","<h3>{{env.npm_package_description}}</h3>\\n\\","<!-- utility2-comment\\n\\","<h4><a download href=\"assets.app.js\">download standalone app</a></h4>\\n\\","<button class=\"onclick onreset\" id=\"testRunButton1\">run internal test</button><br>\\n\\","<div id=\"testReportDiv1\" style=\"display: none;\"></div>\\n\\","utility2-comment -->\\n\\","\\n\\","\\n\\","\\n\\","<label>stderr and stdout</label>\\n\\","<textarea class=\"resettable\" id=\"outputTextareaStdout1\" readonly></textarea>\\n\\","<!-- utility2-comment\\n\\","{{#if isRollup}}\\n\\","<script src=\"assets.app.js\"></script>\\n\\","{{#unless isRollup}}\\n\\","utility2-comment -->\\n\\","<script src=\"assets.utility2.rollup.js\"></script>\\n\\","<script src=\"jsonp.utility2._stateInit?callback=window.utility2._stateInit\"></script>\\n\\","<script src=\"assets.npmtest_strftime.rollup.js\"></script>\\n\\","<script src=\"assets.example.js\"></script>\\n\\","<script src=\"assets.test.js\"></script>\\n\\","<!-- utility2-comment\\n\\","{{/if isRollup}}\\n\\","utility2-comment -->\\n\\","<div class=\"utility2FooterDiv\">\\n\\","    [ this app was created with\\n\\","    <a href=\"https://github.com/kaizhu256/node-utility2\" target=\"_blank\">utility2</a>\\n\\","    ]\\n\\","</div>\\n\\","</body>\\n\\","</html>\\n\\","';","        /* jslint-ignore-end */","        if (local.templateRender) {","            local.assetsDict['/'] = local.templateRender(","                local.assetsDict['/assets.index.template.html'],","                {","                    env: local.objectSetDefault(local.env, {","                        npm_package_description: 'the greatest app in the world!',","                        npm_package_name: 'my-app',","                        npm_package_nameAlias: 'my_app',","                        npm_package_version: '0.0.1'","                    })","                }","            );","        } else {","            local.assetsDict['/'] = local.assetsDict['/assets.index.template.html']","                .replace((/\\{\\{env\\.(\\w+?)\\}\\}/g), function (match0, match1) {","                    // jslint-hack","                    String(match0);","                    switch (match1) {","                    case 'npm_package_description':","                        return 'the greatest app in the world!';","                    case 'npm_package_name':","                        return 'my-app';","                    case 'npm_package_nameAlias':","                        return 'my_app';","                    case 'npm_package_version':","                        return '0.0.1';","                    }","                });","        }","        // run the cli","        if (local.global.utility2_rollup || module !== require.main) {","            break;","        }","        local.assetsDict['/assets.example.js'] =","            local.assetsDict['/assets.example.js'] ||","            local.fs.readFileSync(__filename, 'utf8');","        local.assetsDict['/assets.npmtest_strftime.rollup.js'] =","            local.assetsDict['/assets.npmtest_strftime.rollup.js'] ||","            local.fs.readFileSync(","                // buildCustomOrg-hack","                local.npmtest_strftime.__dirname +","                    '/lib.npmtest_strftime.js',","                'utf8'","            ).replace((/^#!/), '//');","        local.assetsDict['/favicon.ico'] = local.assetsDict['/favicon.ico'] || '';","        // if $npm_config_timeout_exit exists,","        // then exit this process after $npm_config_timeout_exit ms","        if (Number(process.env.npm_config_timeout_exit)) {","            setTimeout(process.exit, Number(process.env.npm_config_timeout_exit));","        }","        // start server","        if (local.global.utility2_serverHttp1) {","            break;","        }","        process.env.PORT = process.env.PORT || '8081';","        console.error('server starting on port ' + process.env.PORT);","        local.http.createServer(function (request, response) {","            request.urlParsed = local.url.parse(request.url);","            if (local.assetsDict[request.urlParsed.pathname] !== undefined) {","                response.end(local.assetsDict[request.urlParsed.pathname]);","                return;","            }","            response.statusCode = 404;","            response.end();","        }).listen(process.env.PORT);","        break;","    }","}());",""],"l":{"26":2,"28":2,"33":2,"35":2,"37":2,"38":2,"39":2,"44":1,"51":2,"55":2,"59":2,"61":2,"69":1,"70":2,"76":2,"79":2,"82":2,"83":2,"85":1,"89":2,"92":1,"93":1,"94":1,"96":1,"97":1,"100":1,"101":1,"103":1,"106":1,"108":2,"114":1,"116":1,"118":1,"123":1,"124":2,"125":2,"126":2,"127":2,"128":2,"129":2,"130":1,"133":2,"134":2,"139":2,"143":1,"144":3,"145":1,"149":1,"150":1,"158":1,"160":1,"161":1,"162":1,"164":1,"166":1,"258":1,"259":1,"271":1,"274":6,"275":6,"277":1,"279":2,"281":1,"283":2,"288":1,"289":1,"291":1,"294":1,"302":1,"305":1,"306":1,"309":1,"310":1,"312":1,"313":1,"314":1,"315":1,"316":1,"317":1,"318":1,"320":1,"321":1,"323":1}},"/home/travis/build/npmtest/node-npmtest-strftime/strftime/strftime.js":{"path":"/home/travis/build/npmtest/node-npmtest-strftime/strftime/strftime.js","s":{"1":1,"2":1,"3":1,"4":1,"5":1,"6":0,"7":0,"8":0,"9":1,"10":0,"11":0,"12":1,"13":1,"14":1,"15":0,"16":0,"17":0,"18":0,"19":0,"20":0,"21":0,"22":0,"23":0,"24":0,"25":0,"26":0,"27":0,"28":0,"29":0,"30":0,"31":0,"32":0,"33":0,"34":1,"35":0,"36":0,"37":0,"38":0,"39":0,"40":0,"41":0,"42":0,"43":0,"44":0,"45":0,"46":0,"47":0,"48":0,"49":0,"50":0,"51":0,"52":0,"53":0,"54":0,"55":0,"56":0,"57":0,"58":0,"59":0,"60":0,"61":0,"62":0,"63":0,"64":0,"65":0,"66":0,"67":0,"68":0,"69":0,"70":0,"71":0,"72":0,"73":0,"74":0,"75":0,"76":0,"77":0,"78":0,"79":0,"80":0,"81":0,"82":0,"83":0,"84":0,"85":0,"86":0,"87":0,"88":0,"89":0,"90":0,"91":0,"92":0,"93":0,"94":0,"95":0,"96":0,"97":0,"98":0,"99":0,"100":0,"101":0,"102":0,"103":0,"104":0,"105":0,"106":0,"107":0,"108":0,"109":0,"110":0,"111":0,"112":0,"113":0,"114":0,"115":0,"116":0,"117":0,"118":0,"119":0,"120":0,"121":0,"122":0,"123":0,"124":0,"125":0,"126":0,"127":0,"128":0,"129":0,"130":0,"131":0,"132":0,"133":0,"134":0,"135":0,"136":0,"137":0,"138":0,"139":0,"140":0,"141":0,"142":0,"143":0,"144":0,"145":0,"146":0,"147":0,"148":0,"149":0,"150":0,"151":0,"152":0,"153":0,"154":0,"155":0,"156":0,"157":0,"158":0,"159":0,"160":0,"161":0,"162":0,"163":0,"164":0,"165":0,"166":0,"167":1,"168":1,"169":0,"170":1,"171":0,"172":0,"173":0,"174":0,"175":0,"176":1,"177":0,"178":0,"179":0,"180":0,"181":0,"182":0,"183":0,"184":0,"185":0,"186":0,"187":0,"188":1,"189":0,"190":1,"191":1,"192":0,"193":0,"194":0,"195":0,"196":0,"197":1,"198":0,"199":0,"200":0,"201":0,"202":0,"203":1,"204":0,"205":0,"206":0,"207":0,"208":0,"209":1,"210":0,"211":0,"212":0,"213":0,"214":0,"215":0,"216":0,"217":0,"218":1,"219":0,"220":0,"221":0,"222":0,"223":0,"224":0,"225":0,"226":0,"227":1,"228":0,"229":1,"230":0,"231":0},"b":{"1":[1,0],"2":[0,0],"3":[0,1],"4":[1,0],"5":[1,1],"6":[1,1],"7":[0,0],"8":[0,0],"9":[0,0],"10":[0,0],"11":[0,0],"12":[0,0],"13":[0,0],"14":[0,0],"15":[0,0],"16":[0,0],"17":[0,0],"18":[0,0,0,0,0,0,0,0,0,0,0,0,0,0,0,0,0,0,0,0,0,0,0,0,0,0,0,0,0,0,0,0,0,0,0,0,0,0,0,0,0,0],"19":[0,0],"20":[0,0],"21":[0,0],"22":[0,0,0],"23":[0,0],"24":[0,0],"25":[0,0],"26":[0,0],"27":[0,0],"28":[0,0],"29":[0,0],"30":[0,0],"31":[0,0],"32":[0,0],"33":[0,0],"34":[0,0],"35":[0,0],"36":[0,0],"37":[0,0],"38":[0,0],"39":[0,0],"40":[0,0],"41":[0,0],"42":[0,0],"43":[0,0],"44":[0,0],"45":[0,0],"46":[0,0],"47":[0,0],"48":[0,0],"49":[0,0],"50":[0,0],"51":[0,0],"52":[0,0],"53":[0,0],"54":[0,0],"55":[0,0],"56":[0,0,0,0],"57":[0,0,0],"58":[0,0],"59":[0,0],"60":[0,0]},"f":{"1":1,"2":0,"3":0,"4":1,"5":0,"6":0,"7":0,"8":0,"9":0,"10":0,"11":0,"12":0,"13":0,"14":0,"15":0,"16":0,"17":0},"fnMap":{"1":{"name":"(anonymous_1)","line":12,"loc":{"start":{"line":12,"column":2},"end":{"line":12,"column":13}}},"2":{"name":"(anonymous_2)","line":284,"loc":{"start":{"line":284,"column":21},"end":{"line":284,"column":32}}},"3":{"name":"(anonymous_3)","line":290,"loc":{"start":{"line":290,"column":19},"end":{"line":290,"column":30}}},"4":{"name":"Strftime","line":295,"loc":{"start":{"line":295,"column":4},"end":{"line":295,"column":68}}},"5":{"name":"_strftime","line":307,"loc":{"start":{"line":307,"column":8},"end":{"line":307,"column":41}}},"6":{"name":"_processFormat","line":347,"loc":{"start":{"line":347,"column":8},"end":{"line":347,"column":65}}},"7":{"name":"(anonymous_7)","line":694,"loc":{"start":{"line":694,"column":28},"end":{"line":694,"column":45}}},"8":{"name":"(anonymous_8)","line":698,"loc":{"start":{"line":698,"column":40},"end":{"line":698,"column":67}}},"9":{"name":"(anonymous_9)","line":707,"loc":{"start":{"line":707,"column":28},"end":{"line":707,"column":47}}},"10":{"name":"(anonymous_10)","line":732,"loc":{"start":{"line":732,"column":23},"end":{"line":732,"column":34}}},"11":{"name":"padTill2","line":739,"loc":{"start":{"line":739,"column":4},"end":{"line":739,"column":48}}},"12":{"name":"padTill3","line":749,"loc":{"start":{"line":749,"column":4},"end":{"line":749,"column":35}}},"13":{"name":"hours12","line":759,"loc":{"start":{"line":759,"column":4},"end":{"line":759,"column":27}}},"14":{"name":"weekNumber","line":772,"loc":{"start":{"line":772,"column":4},"end":{"line":772,"column":44}}},"15":{"name":"ordinal","line":794,"loc":{"start":{"line":794,"column":4},"end":{"line":794,"column":29}}},"16":{"name":"getTimestampToUtcOffsetFor","line":808,"loc":{"start":{"line":808,"column":4},"end":{"line":808,"column":46}}},"17":{"name":"warn","line":812,"loc":{"start":{"line":812,"column":4},"end":{"line":812,"column":27}}}},"statementMap":{"1":{"start":{"line":12,"column":1},"end":{"line":818,"column":5}},"2":{"start":{"line":14,"column":4},"end":{"line":270,"column":6}},"3":{"start":{"line":272,"column":4},"end":{"line":275,"column":18}},"4":{"start":{"line":278,"column":4},"end":{"line":286,"column":5}},"5":{"start":{"line":279,"column":8},"end":{"line":279,"column":53}},"6":{"start":{"line":284,"column":8},"end":{"line":284,"column":72}},"7":{"start":{"line":284,"column":34},"end":{"line":284,"column":66}},"8":{"start":{"line":285,"column":8},"end":{"line":285,"column":45}},"9":{"start":{"line":289,"column":4},"end":{"line":293,"column":5}},"10":{"start":{"line":290,"column":8},"end":{"line":292,"column":10}},"11":{"start":{"line":291,"column":10},"end":{"line":291,"column":29}},"12":{"start":{"line":295,"column":4},"end":{"line":737,"column":5}},"13":{"start":{"line":296,"column":8},"end":{"line":305,"column":24}},"14":{"start":{"line":307,"column":8},"end":{"line":345,"column":9}},"15":{"start":{"line":308,"column":12},"end":{"line":308,"column":26}},"16":{"start":{"line":310,"column":12},"end":{"line":342,"column":13}},"17":{"start":{"line":311,"column":16},"end":{"line":311,"column":50}},"18":{"start":{"line":312,"column":16},"end":{"line":326,"column":17}},"19":{"start":{"line":313,"column":20},"end":{"line":313,"column":60}},"20":{"start":{"line":314,"column":20},"end":{"line":314,"column":65}},"21":{"start":{"line":316,"column":20},"end":{"line":316,"column":53}},"22":{"start":{"line":318,"column":20},"end":{"line":322,"column":21}},"23":{"start":{"line":321,"column":24},"end":{"line":321,"column":135}},"24":{"start":{"line":325,"column":18},"end":{"line":325,"column":51}},"25":{"start":{"line":327,"column":16},"end":{"line":327,"column":35}},"26":{"start":{"line":330,"column":16},"end":{"line":330,"column":43}},"27":{"start":{"line":332,"column":16},"end":{"line":341,"column":17}},"28":{"start":{"line":333,"column":20},"end":{"line":333,"column":69}},"29":{"start":{"line":334,"column":20},"end":{"line":334,"column":83}},"30":{"start":{"line":337,"column":20},"end":{"line":340,"column":21}},"31":{"start":{"line":338,"column":24},"end":{"line":338,"column":76}},"32":{"start":{"line":339,"column":24},"end":{"line":339,"column":90}},"33":{"start":{"line":344,"column":12},"end":{"line":344,"column":68}},"34":{"start":{"line":347,"column":8},"end":{"line":690,"column":9}},"35":{"start":{"line":348,"column":12},"end":{"line":352,"column":35}},"36":{"start":{"line":354,"column":12},"end":{"line":687,"column":13}},"37":{"start":{"line":356,"column":16},"end":{"line":356,"column":59}},"38":{"start":{"line":358,"column":16},"end":{"line":678,"column":17}},"39":{"start":{"line":360,"column":20},"end":{"line":381,"column":21}},"40":{"start":{"line":361,"column":24},"end":{"line":361,"column":37}},"41":{"start":{"line":362,"column":24},"end":{"line":362,"column":33}},"42":{"start":{"line":365,"column":25},"end":{"line":381,"column":21}},"43":{"start":{"line":366,"column":24},"end":{"line":366,"column":38}},"44":{"start":{"line":367,"column":24},"end":{"line":367,"column":33}},"45":{"start":{"line":370,"column":25},"end":{"line":381,"column":21}},"46":{"start":{"line":371,"column":24},"end":{"line":371,"column":38}},"47":{"start":{"line":372,"column":24},"end":{"line":372,"column":33}},"48":{"start":{"line":375,"column":25},"end":{"line":381,"column":21}},"49":{"start":{"line":376,"column":22},"end":{"line":378,"column":23}},"50":{"start":{"line":377,"column":26},"end":{"line":377,"column":106}},"51":{"start":{"line":379,"column":22},"end":{"line":379,"column":40}},"52":{"start":{"line":380,"column":22},"end":{"line":380,"column":31}},"53":{"start":{"line":383,"column":20},"end":{"line":673,"column":21}},"54":{"start":{"line":390,"column":28},"end":{"line":390,"column":48}},"55":{"start":{"line":391,"column":28},"end":{"line":391,"column":34}},"56":{"start":{"line":396,"column":28},"end":{"line":396,"column":71}},"57":{"start":{"line":397,"column":28},"end":{"line":397,"column":34}},"58":{"start":{"line":402,"column":28},"end":{"line":402,"column":75}},"59":{"start":{"line":403,"column":28},"end":{"line":403,"column":34}},"60":{"start":{"line":408,"column":28},"end":{"line":408,"column":100}},"61":{"start":{"line":409,"column":28},"end":{"line":409,"column":34}},"62":{"start":{"line":414,"column":28},"end":{"line":414,"column":102}},"63":{"start":{"line":415,"column":28},"end":{"line":415,"column":34}},"64":{"start":{"line":420,"column":28},"end":{"line":420,"column":102}},"65":{"start":{"line":421,"column":28},"end":{"line":421,"column":34}},"66":{"start":{"line":426,"column":28},"end":{"line":426,"column":79}},"67":{"start":{"line":427,"column":28},"end":{"line":427,"column":34}},"68":{"start":{"line":432,"column":28},"end":{"line":432,"column":88}},"69":{"start":{"line":433,"column":28},"end":{"line":433,"column":34}},"70":{"start":{"line":438,"column":28},"end":{"line":438,"column":83}},"71":{"start":{"line":439,"column":28},"end":{"line":439,"column":34}},"72":{"start":{"line":444,"column":28},"end":{"line":444,"column":81}},"73":{"start":{"line":445,"column":28},"end":{"line":445,"column":34}},"74":{"start":{"line":450,"column":28},"end":{"line":450,"column":89}},"75":{"start":{"line":451,"column":28},"end":{"line":451,"column":34}},"76":{"start":{"line":456,"column":28},"end":{"line":456,"column":102}},"77":{"start":{"line":457,"column":28},"end":{"line":457,"column":34}},"78":{"start":{"line":462,"column":28},"end":{"line":462,"column":81}},"79":{"start":{"line":463,"column":28},"end":{"line":463,"column":34}},"80":{"start":{"line":468,"column":28},"end":{"line":468,"column":102}},"81":{"start":{"line":469,"column":28},"end":{"line":469,"column":34}},"82":{"start":{"line":474,"column":28},"end":{"line":474,"column":90}},"83":{"start":{"line":475,"column":28},"end":{"line":475,"column":34}},"84":{"start":{"line":480,"column":28},"end":{"line":480,"column":90}},"85":{"start":{"line":481,"column":28},"end":{"line":481,"column":34}},"86":{"start":{"line":486,"column":28},"end":{"line":486,"column":102}},"87":{"start":{"line":487,"column":28},"end":{"line":487,"column":34}},"88":{"start":{"line":492,"column":28},"end":{"line":492,"column":63}},"89":{"start":{"line":493,"column":28},"end":{"line":493,"column":34}},"90":{"start":{"line":498,"column":28},"end":{"line":505,"column":29}},"91":{"start":{"line":499,"column":32},"end":{"line":499,"column":54}},"92":{"start":{"line":503,"column":32},"end":{"line":503,"column":86}},"93":{"start":{"line":504,"column":32},"end":{"line":504,"column":78}},"94":{"start":{"line":506,"column":28},"end":{"line":506,"column":34}},"95":{"start":{"line":511,"column":28},"end":{"line":511,"column":76}},"96":{"start":{"line":512,"column":28},"end":{"line":512,"column":34}},"97":{"start":{"line":517,"column":28},"end":{"line":517,"column":80}},"98":{"start":{"line":518,"column":28},"end":{"line":518,"column":34}},"99":{"start":{"line":523,"column":28},"end":{"line":523,"column":102}},"100":{"start":{"line":524,"column":28},"end":{"line":524,"column":34}},"101":{"start":{"line":529,"column":28},"end":{"line":529,"column":78}},"102":{"start":{"line":530,"column":28},"end":{"line":530,"column":34}},"103":{"start":{"line":535,"column":28},"end":{"line":535,"column":102}},"104":{"start":{"line":536,"column":28},"end":{"line":536,"column":34}},"105":{"start":{"line":541,"column":28},"end":{"line":541,"column":80}},"106":{"start":{"line":542,"column":28},"end":{"line":542,"column":34}},"107":{"start":{"line":547,"column":28},"end":{"line":547,"column":71}},"108":{"start":{"line":548,"column":28},"end":{"line":548,"column":104}},"109":{"start":{"line":549,"column":28},"end":{"line":549,"column":58}},"110":{"start":{"line":550,"column":28},"end":{"line":550,"column":34}},"111":{"start":{"line":555,"column":28},"end":{"line":555,"column":103}},"112":{"start":{"line":556,"column":28},"end":{"line":556,"column":34}},"113":{"start":{"line":561,"column":28},"end":{"line":561,"column":112}},"114":{"start":{"line":562,"column":28},"end":{"line":562,"column":34}},"115":{"start":{"line":567,"column":28},"end":{"line":567,"column":83}},"116":{"start":{"line":568,"column":28},"end":{"line":568,"column":34}},"117":{"start":{"line":573,"column":28},"end":{"line":573,"column":49}},"118":{"start":{"line":574,"column":28},"end":{"line":574,"column":34}},"119":{"start":{"line":581,"column":28},"end":{"line":581,"column":53}},"120":{"start":{"line":582,"column":28},"end":{"line":587,"column":29}},"121":{"start":{"line":583,"column":32},"end":{"line":583,"column":112}},"122":{"start":{"line":586,"column":32},"end":{"line":586,"column":75}},"123":{"start":{"line":588,"column":28},"end":{"line":588,"column":34}},"124":{"start":{"line":593,"column":28},"end":{"line":593,"column":89}},"125":{"start":{"line":594,"column":28},"end":{"line":594,"column":34}},"126":{"start":{"line":599,"column":28},"end":{"line":599,"column":102}},"127":{"start":{"line":600,"column":28},"end":{"line":600,"column":34}},"128":{"start":{"line":605,"column":28},"end":{"line":605,"column":73}},"129":{"start":{"line":606,"column":28},"end":{"line":606,"column":34}},"130":{"start":{"line":611,"column":28},"end":{"line":611,"column":49}},"131":{"start":{"line":612,"column":28},"end":{"line":612,"column":34}},"132":{"start":{"line":617,"column":28},"end":{"line":617,"column":52}},"133":{"start":{"line":618,"column":28},"end":{"line":618,"column":64}},"134":{"start":{"line":619,"column":28},"end":{"line":619,"column":34}},"135":{"start":{"line":624,"column":28},"end":{"line":624,"column":102}},"136":{"start":{"line":625,"column":28},"end":{"line":625,"column":34}},"137":{"start":{"line":630,"column":28},"end":{"line":630,"column":58}},"138":{"start":{"line":631,"column":28},"end":{"line":631,"column":34}},"139":{"start":{"line":636,"column":28},"end":{"line":636,"column":102}},"140":{"start":{"line":637,"column":28},"end":{"line":637,"column":34}},"141":{"start":{"line":642,"column":28},"end":{"line":642,"column":79}},"142":{"start":{"line":643,"column":28},"end":{"line":643,"column":34}},"143":{"start":{"line":648,"column":28},"end":{"line":664,"column":29}},"144":{"start":{"line":649,"column":32},"end":{"line":649,"column":80}},"145":{"start":{"line":652,"column":32},"end":{"line":652,"column":40}},"146":{"start":{"line":653,"column":32},"end":{"line":658,"column":33}},"147":{"start":{"line":654,"column":36},"end":{"line":654,"column":78}},"148":{"start":{"line":657,"column":36},"end":{"line":657,"column":68}},"149":{"start":{"line":659,"column":32},"end":{"line":659,"column":63}},"150":{"start":{"line":660,"column":32},"end":{"line":660,"column":64}},"151":{"start":{"line":661,"column":32},"end":{"line":661,"column":75}},"152":{"start":{"line":662,"column":32},"end":{"line":662,"column":62}},"153":{"start":{"line":663,"column":32},"end":{"line":663,"column":94}},"154":{"start":{"line":665,"column":28},"end":{"line":665,"column":34}},"155":{"start":{"line":668,"column":28},"end":{"line":670,"column":29}},"156":{"start":{"line":669,"column":32},"end":{"line":669,"column":52}},"157":{"start":{"line":671,"column":28},"end":{"line":671,"column":54}},"158":{"start":{"line":672,"column":28},"end":{"line":672,"column":34}},"159":{"start":{"line":675,"column":20},"end":{"line":675,"column":35}},"160":{"start":{"line":676,"column":20},"end":{"line":676,"column":38}},"161":{"start":{"line":677,"column":20},"end":{"line":677,"column":29}},"162":{"start":{"line":681,"column":16},"end":{"line":684,"column":17}},"163":{"start":{"line":682,"column":20},"end":{"line":682,"column":37}},"164":{"start":{"line":683,"column":20},"end":{"line":683,"column":29}},"165":{"start":{"line":686,"column":16},"end":{"line":686,"column":42}},"166":{"start":{"line":689,"column":12},"end":{"line":689,"column":32}},"167":{"start":{"line":692,"column":8},"end":{"line":692,"column":33}},"168":{"start":{"line":694,"column":8},"end":{"line":696,"column":10}},"169":{"start":{"line":695,"column":12},"end":{"line":695,"column":92}},"170":{"start":{"line":698,"column":8},"end":{"line":705,"column":10}},"171":{"start":{"line":699,"column":12},"end":{"line":699,"column":51}},"172":{"start":{"line":700,"column":12},"end":{"line":703,"column":13}},"173":{"start":{"line":701,"column":16},"end":{"line":701,"column":94}},"174":{"start":{"line":702,"column":16},"end":{"line":702,"column":32}},"175":{"start":{"line":704,"column":12},"end":{"line":704,"column":45}},"176":{"start":{"line":707,"column":8},"end":{"line":730,"column":10}},"177":{"start":{"line":708,"column":12},"end":{"line":708,"column":61}},"178":{"start":{"line":709,"column":12},"end":{"line":709,"column":51}},"179":{"start":{"line":711,"column":12},"end":{"line":711,"column":47}},"180":{"start":{"line":712,"column":12},"end":{"line":727,"column":13}},"181":{"start":{"line":713,"column":16},"end":{"line":713,"column":39}},"182":{"start":{"line":716,"column":16},"end":{"line":726,"column":17}},"183":{"start":{"line":717,"column":20},"end":{"line":719,"column":69}},"184":{"start":{"line":721,"column":20},"end":{"line":721,"column":87}},"185":{"start":{"line":724,"column":21},"end":{"line":726,"column":17}},"186":{"start":{"line":725,"column":20},"end":{"line":725,"column":64}},"187":{"start":{"line":729,"column":12},"end":{"line":729,"column":80}},"188":{"start":{"line":732,"column":8},"end":{"line":734,"column":10}},"189":{"start":{"line":733,"column":12},"end":{"line":733,"column":70}},"190":{"start":{"line":736,"column":8},"end":{"line":736,"column":24}},"191":{"start":{"line":739,"column":4},"end":{"line":747,"column":5}},"192":{"start":{"line":740,"column":8},"end":{"line":742,"column":9}},"193":{"start":{"line":741,"column":12},"end":{"line":741,"column":31}},"194":{"start":{"line":743,"column":8},"end":{"line":745,"column":9}},"195":{"start":{"line":744,"column":12},"end":{"line":744,"column":30}},"196":{"start":{"line":746,"column":8},"end":{"line":746,"column":41}},"197":{"start":{"line":749,"column":4},"end":{"line":757,"column":5}},"198":{"start":{"line":750,"column":8},"end":{"line":752,"column":9}},"199":{"start":{"line":751,"column":12},"end":{"line":751,"column":31}},"200":{"start":{"line":753,"column":8},"end":{"line":755,"column":9}},"201":{"start":{"line":754,"column":12},"end":{"line":754,"column":37}},"202":{"start":{"line":756,"column":8},"end":{"line":756,"column":34}},"203":{"start":{"line":759,"column":4},"end":{"line":767,"column":5}},"204":{"start":{"line":760,"column":8},"end":{"line":765,"column":9}},"205":{"start":{"line":761,"column":12},"end":{"line":761,"column":22}},"206":{"start":{"line":763,"column":13},"end":{"line":765,"column":9}},"207":{"start":{"line":764,"column":12},"end":{"line":764,"column":29}},"208":{"start":{"line":766,"column":8},"end":{"line":766,"column":20}},"209":{"start":{"line":772,"column":4},"end":{"line":791,"column":5}},"210":{"start":{"line":773,"column":8},"end":{"line":773,"column":48}},"211":{"start":{"line":777,"column":8},"end":{"line":777,"column":36}},"212":{"start":{"line":778,"column":8},"end":{"line":783,"column":9}},"213":{"start":{"line":779,"column":12},"end":{"line":782,"column":26}},"214":{"start":{"line":780,"column":16},"end":{"line":780,"column":28}},"215":{"start":{"line":782,"column":16},"end":{"line":782,"column":26}},"216":{"start":{"line":785,"column":8},"end":{"line":788,"column":47}},"217":{"start":{"line":790,"column":8},"end":{"line":790,"column":35}},"218":{"start":{"line":794,"column":4},"end":{"line":806,"column":5}},"219":{"start":{"line":795,"column":8},"end":{"line":795,"column":28}},"220":{"start":{"line":796,"column":8},"end":{"line":796,"column":30}},"221":{"start":{"line":798,"column":8},"end":{"line":800,"column":9}},"222":{"start":{"line":799,"column":12},"end":{"line":799,"column":24}},"223":{"start":{"line":801,"column":8},"end":{"line":805,"column":9}},"224":{"start":{"line":802,"column":20},"end":{"line":802,"column":32}},"225":{"start":{"line":803,"column":20},"end":{"line":803,"column":32}},"226":{"start":{"line":804,"column":20},"end":{"line":804,"column":32}},"227":{"start":{"line":808,"column":4},"end":{"line":810,"column":5}},"228":{"start":{"line":809,"column":8},"end":{"line":809,"column":55}},"229":{"start":{"line":812,"column":4},"end":{"line":816,"column":5}},"230":{"start":{"line":813,"column":8},"end":{"line":815,"column":9}},"231":{"start":{"line":814,"column":12},"end":{"line":814,"column":33}}},"branchMap":{"1":{"line":278,"type":"if","locations":[{"start":{"line":278,"column":4},"end":{"line":278,"column":4}},{"start":{"line":278,"column":4},"end":{"line":278,"column":4}}]},"2":{"line":284,"type":"binary-expr","locations":[{"start":{"line":284,"column":41},"end":{"line":284,"column":45}},{"start":{"line":284,"column":49},"end":{"line":284,"column":65}}]},"3":{"line":289,"type":"if","locations":[{"start":{"line":289,"column":4},"end":{"line":289,"column":4}},{"start":{"line":289,"column":4},"end":{"line":289,"column":4}}]},"4":{"line":296,"type":"binary-expr","locations":[{"start":{"line":296,"column":22},"end":{"line":296,"column":28}},{"start":{"line":296,"column":32},"end":{"line":296,"column":45}}]},"5":{"line":297,"type":"binary-expr","locations":[{"start":{"line":297,"column":36},"end":{"line":297,"column":56}},{"start":{"line":297,"column":60},"end":{"line":297,"column":61}}]},"6":{"line":298,"type":"binary-expr","locations":[{"start":{"line":298,"column":31},"end":{"line":298,"column":45}},{"start":{"line":298,"column":49},"end":{"line":298,"column":54}}]},"7":{"line":310,"type":"if","locations":[{"start":{"line":310,"column":12},"end":{"line":310,"column":12}},{"start":{"line":310,"column":12},"end":{"line":310,"column":12}}]},"8":{"line":312,"type":"if","locations":[{"start":{"line":312,"column":16},"end":{"line":312,"column":16}},{"start":{"line":312,"column":16},"end":{"line":312,"column":16}}]},"9":{"line":318,"type":"if","locations":[{"start":{"line":318,"column":20},"end":{"line":318,"column":20}},{"start":{"line":318,"column":20},"end":{"line":318,"column":20}}]},"10":{"line":332,"type":"if","locations":[{"start":{"line":332,"column":16},"end":{"line":332,"column":16}},{"start":{"line":332,"column":16},"end":{"line":332,"column":16}}]},"11":{"line":337,"type":"if","locations":[{"start":{"line":337,"column":20},"end":{"line":337,"column":20}},{"start":{"line":337,"column":20},"end":{"line":337,"column":20}}]},"12":{"line":358,"type":"if","locations":[{"start":{"line":358,"column":16},"end":{"line":358,"column":16}},{"start":{"line":358,"column":16},"end":{"line":358,"column":16}}]},"13":{"line":360,"type":"if","locations":[{"start":{"line":360,"column":20},"end":{"line":360,"column":20}},{"start":{"line":360,"column":20},"end":{"line":360,"column":20}}]},"14":{"line":365,"type":"if","locations":[{"start":{"line":365,"column":25},"end":{"line":365,"column":25}},{"start":{"line":365,"column":25},"end":{"line":365,"column":25}}]},"15":{"line":370,"type":"if","locations":[{"start":{"line":370,"column":25},"end":{"line":370,"column":25}},{"start":{"line":370,"column":25},"end":{"line":370,"column":25}}]},"16":{"line":375,"type":"if","locations":[{"start":{"line":375,"column":25},"end":{"line":375,"column":25}},{"start":{"line":375,"column":25},"end":{"line":375,"column":25}}]},"17":{"line":376,"type":"if","locations":[{"start":{"line":376,"column":22},"end":{"line":376,"column":22}},{"start":{"line":376,"column":22},"end":{"line":376,"column":22}}]},"18":{"line":383,"type":"switch","locations":[{"start":{"line":389,"column":24},"end":{"line":391,"column":34}},{"start":{"line":395,"column":24},"end":{"line":397,"column":34}},{"start":{"line":401,"column":24},"end":{"line":403,"column":34}},{"start":{"line":407,"column":24},"end":{"line":409,"column":34}},{"start":{"line":413,"column":24},"end":{"line":415,"column":34}},{"start":{"line":419,"column":24},"end":{"line":421,"column":34}},{"start":{"line":425,"column":24},"end":{"line":427,"column":34}},{"start":{"line":431,"column":24},"end":{"line":433,"column":34}},{"start":{"line":437,"column":24},"end":{"line":439,"column":34}},{"start":{"line":443,"column":24},"end":{"line":445,"column":34}},{"start":{"line":449,"column":24},"end":{"line":451,"column":34}},{"start":{"line":455,"column":24},"end":{"line":457,"column":34}},{"start":{"line":461,"column":24},"end":{"line":463,"column":34}},{"start":{"line":467,"column":24},"end":{"line":469,"column":34}},{"start":{"line":473,"column":24},"end":{"line":475,"column":34}},{"start":{"line":479,"column":24},"end":{"line":481,"column":34}},{"start":{"line":485,"column":24},"end":{"line":487,"column":34}},{"start":{"line":491,"column":24},"end":{"line":493,"column":34}},{"start":{"line":497,"column":24},"end":{"line":506,"column":34}},{"start":{"line":510,"column":24},"end":{"line":512,"column":34}},{"start":{"line":516,"column":24},"end":{"line":518,"column":34}},{"start":{"line":522,"column":24},"end":{"line":524,"column":34}},{"start":{"line":528,"column":24},"end":{"line":530,"column":34}},{"start":{"line":534,"column":24},"end":{"line":536,"column":34}},{"start":{"line":540,"column":24},"end":{"line":542,"column":34}},{"start":{"line":546,"column":24},"end":{"line":550,"column":34}},{"start":{"line":554,"column":24},"end":{"line":556,"column":34}},{"start":{"line":560,"column":24},"end":{"line":562,"column":34}},{"start":{"line":566,"column":24},"end":{"line":568,"column":34}},{"start":{"line":572,"column":24},"end":{"line":574,"column":34}},{"start":{"line":578,"column":24},"end":{"line":588,"column":34}},{"start":{"line":592,"column":24},"end":{"line":594,"column":34}},{"start":{"line":598,"column":24},"end":{"line":600,"column":34}},{"start":{"line":604,"column":24},"end":{"line":606,"column":34}},{"start":{"line":610,"column":24},"end":{"line":612,"column":34}},{"start":{"line":616,"column":24},"end":{"line":619,"column":34}},{"start":{"line":623,"column":24},"end":{"line":625,"column":34}},{"start":{"line":629,"column":24},"end":{"line":631,"column":34}},{"start":{"line":635,"column":24},"end":{"line":637,"column":34}},{"start":{"line":641,"column":24},"end":{"line":643,"column":34}},{"start":{"line":647,"column":24},"end":{"line":665,"column":34}},{"start":{"line":667,"column":24},"end":{"line":672,"column":34}}]},"19":{"line":450,"type":"cond-expr","locations":[{"start":{"line":450,"column":67},"end":{"line":450,"column":76}},{"start":{"line":450,"column":79},"end":{"line":450,"column":88}}]},"20":{"line":498,"type":"if","locations":[{"start":{"line":498,"column":28},"end":{"line":498,"column":28}},{"start":{"line":498,"column":28},"end":{"line":498,"column":28}}]},"21":{"line":498,"type":"binary-expr","locations":[{"start":{"line":498,"column":32},"end":{"line":498,"column":48}},{"start":{"line":498,"column":52},"end":{"line":498,"column":79}}]},"22":{"line":504,"type":"binary-expr","locations":[{"start":{"line":504,"column":48},"end":{"line":504,"column":56}},{"start":{"line":504,"column":60},"end":{"line":504,"column":71}},{"start":{"line":504,"column":75},"end":{"line":504,"column":77}}]},"23":{"line":535,"type":"cond-expr","locations":[{"start":{"line":535,"column":87},"end":{"line":535,"column":90}},{"start":{"line":535,"column":93},"end":{"line":535,"column":100}}]},"24":{"line":555,"type":"cond-expr","locations":[{"start":{"line":555,"column":88},"end":{"line":555,"column":91}},{"start":{"line":555,"column":94},"end":{"line":555,"column":101}}]},"25":{"line":561,"type":"cond-expr","locations":[{"start":{"line":561,"column":97},"end":{"line":561,"column":100}},{"start":{"line":561,"column":103},"end":{"line":561,"column":110}}]},"26":{"line":582,"type":"if","locations":[{"start":{"line":582,"column":28},"end":{"line":582,"column":28}},{"start":{"line":582,"column":28},"end":{"line":582,"column":28}}]},"27":{"line":583,"type":"binary-expr","locations":[{"start":{"line":583,"column":63},"end":{"line":583,"column":94}},{"start":{"line":583,"column":98},"end":{"line":583,"column":110}}]},"28":{"line":593,"type":"cond-expr","locations":[{"start":{"line":593,"column":67},"end":{"line":593,"column":76}},{"start":{"line":593,"column":79},"end":{"line":593,"column":88}}]},"29":{"line":618,"type":"cond-expr","locations":[{"start":{"line":618,"column":56},"end":{"line":618,"column":57}},{"start":{"line":618,"column":60},"end":{"line":618,"column":63}}]},"30":{"line":648,"type":"if","locations":[{"start":{"line":648,"column":28},"end":{"line":648,"column":28}},{"start":{"line":648,"column":28},"end":{"line":648,"column":28}}]},"31":{"line":648,"type":"binary-expr","locations":[{"start":{"line":648,"column":32},"end":{"line":648,"column":48}},{"start":{"line":648,"column":52},"end":{"line":648,"column":79}}]},"32":{"line":649,"type":"cond-expr","locations":[{"start":{"line":649,"column":61},"end":{"line":649,"column":69}},{"start":{"line":649,"column":72},"end":{"line":649,"column":79}}]},"33":{"line":653,"type":"if","locations":[{"start":{"line":653,"column":32},"end":{"line":653,"column":32}},{"start":{"line":653,"column":32},"end":{"line":653,"column":32}}]},"34":{"line":659,"type":"cond-expr","locations":[{"start":{"line":659,"column":53},"end":{"line":659,"column":56}},{"start":{"line":659,"column":59},"end":{"line":659,"column":62}}]},"35":{"line":660,"type":"cond-expr","locations":[{"start":{"line":660,"column":55},"end":{"line":660,"column":58}},{"start":{"line":660,"column":61},"end":{"line":660,"column":63}}]},"36":{"line":668,"type":"if","locations":[{"start":{"line":668,"column":28},"end":{"line":668,"column":28}},{"start":{"line":668,"column":28},"end":{"line":668,"column":28}}]},"37":{"line":681,"type":"if","locations":[{"start":{"line":681,"column":16},"end":{"line":681,"column":16}},{"start":{"line":681,"column":16},"end":{"line":681,"column":16}}]},"38":{"line":695,"type":"binary-expr","locations":[{"start":{"line":695,"column":32},"end":{"line":695,"column":38}},{"start":{"line":695,"column":42},"end":{"line":695,"column":49}}]},"39":{"line":700,"type":"if","locations":[{"start":{"line":700,"column":12},"end":{"line":700,"column":12}},{"start":{"line":700,"column":12},"end":{"line":700,"column":
[...]
                padding = null,","                isInScope = false,","                length = format.length,","                extendedTZ = false;","","            for (var i = 0; i < length; i++) {","","                var currentCharCode = format.charCodeAt(i);","","                if (isInScope === true) {","                    // '-'","                    if (currentCharCode === 45) {","                        padding = '';","                        continue;","                    }","                    // '_'","                    else if (currentCharCode === 95) {","                        padding = ' ';","                        continue;","                    }","                    // '0'","                    else if (currentCharCode === 48) {","                        padding = '0';","                        continue;","                    }","                    // ':'","                    else if (currentCharCode === 58) {","                      if (extendedTZ) {","                          warn(\"[WARNING] detected use of unsupported %:: or %::: modifiers to strftime\");","                      }","                      extendedTZ = true;","                      continue;","                    }","","                    switch (currentCharCode) {","","                        // Examples for new Date(0) in GMT","","                        // '%'","                        // case '%':","                        case 37:","                            resultString += '%';","                            break;","","                        // 'Thursday'","                        // case 'A':","                        case 65:","                            resultString += locale.days[date.getDay()];","                            break;","","                        // 'January'","                        // case 'B':","                        case 66:","                            resultString += locale.months[date.getMonth()];","                            break;","","                        // '19'","                        // case 'C':","                        case 67:","                            resultString += padTill2(Math.floor(date.getFullYear() / 100), padding);","                            break;","","                        // '01/01/70'","                        // case 'D':","                        case 68:","                            resultString += _processFormat(locale.formats.D, date, locale, timestamp);","                            break;","","                        // '1970-01-01'","                        // case 'F':","                        case 70:","                            resultString += _processFormat(locale.formats.F, date, locale, timestamp);","                            break;","","                        // '00'","                        // case 'H':","                        case 72:","                            resultString += padTill2(date.getHours(), padding);","                            break;","","                        // '12'","                        // case 'I':","                        case 73:","                            resultString += padTill2(hours12(date.getHours()), padding);","                            break;","","                        // '000'","                        // case 'L':","                        case 76:","                            resultString += padTill3(Math.floor(timestamp % 1000));","                            break;","","                        // '00'","                        // case 'M':","                        case 77:","                            resultString += padTill2(date.getMinutes(), padding);","                            break;","","                        // 'am'","                        // case 'P':","                        case 80:","                            resultString += date.getHours() < 12 ? locale.am : locale.pm;","                            break;","","                        // '00:00'","                        // case 'R':","                        case 82:","                            resultString += _processFormat(locale.formats.R, date, locale, timestamp);","                            break;","","                        // '00'","                        // case 'S':","                        case 83:","                            resultString += padTill2(date.getSeconds(), padding);","                            break;","","                        // '00:00:00'","                        // case 'T':","                        case 84:","                            resultString += _processFormat(locale.formats.T, date, locale, timestamp);","                            break;","","                        // '00'","                        // case 'U':","                        case 85:","                            resultString += padTill2(weekNumber(date, 'sunday'), padding);","                            break;","","                        // '00'","                        // case 'W':","                        case 87:","                            resultString += padTill2(weekNumber(date, 'monday'), padding);","                            break;","","                        // '16:00:00'","                        // case 'X':","                        case 88:","                            resultString += _processFormat(locale.formats.X, date, locale, timestamp);","                            break;","","                        // '1970'","                        // case 'Y':","                        case 89:","                            resultString += date.getFullYear();","                            break;","","                        // 'GMT'","                        // case 'Z':","                        case 90:","                            if (_useUtcBasedDate && _customTimezoneOffset === 0) {","                                resultString += \"GMT\";","                            }","                            else {","                                // fixme optimize","                                var tzString = date.toString().match(/\\(([\\w\\s]+)\\)/);","                                resultString += tzString && tzString[1] || '';","                            }","                            break;","","                        // 'Thu'","                        // case 'a':","                        case 97:","                            resultString += locale.shortDays[date.getDay()];","                            break;","","                        // 'Jan'","                        // case 'b':","                        case 98:","                            resultString += locale.shortMonths[date.getMonth()];","                            break;","","                        // ''","                        // case 'c':","                        case 99:","                            resultString += _processFormat(locale.formats.c, date, locale, timestamp);","                            break;","","                        // '01'","                        // case 'd':","                        case 100:","                            resultString += padTill2(date.getDate(), padding);","                            break;","","                        // ' 1'","                        // case 'e':","                        case 101:","                            resultString += padTill2(date.getDate(), padding == null ? ' ' : padding);","                            break;","","                        // 'Jan'","                        // case 'h':","                        case 104:","                            resultString += locale.shortMonths[date.getMonth()];","                            break;","","                        // '000'","                        // case 'j':","                        case 106:","                            var y = new Date(date.getFullYear(), 0, 1);","                            var day = Math.ceil((date.getTime() - y.getTime()) / (1000 * 60 * 60 * 24));","                            resultString += padTill3(day);","                            break;","","                        // ' 0'","                        // case 'k':","                        case 107:","                            resultString += padTill2(date.getHours(), padding == null ? ' ' : padding);","                            break;","","                        // '12'","                        // case 'l':","                        case 108:","                            resultString += padTill2(hours12(date.getHours()), padding == null ? ' ' : padding);","                            break;","","                        // '01'","                        // case 'm':","                        case 109:","                            resultString += padTill2(date.getMonth() + 1, padding);","                            break;","","                        // '\\n'","                        // case 'n':","                        case 110:","                            resultString += '\\n';","                            break;","","                        // '1st'","                        // case 'o':","                        case 111:","                            // Try to use an ordinal suffix from the locale, but fall back to using the old","                            // function for compatibility with old locales that lack them.","                            var day = date.getDate();","                            if (locale.ordinalSuffixes) {","                                resultString += String(day) + (locale.ordinalSuffixes[day - 1] || ordinal(day));","                            }","                            else {","                                resultString += String(day) + ordinal(day);","                            }","                            break;","","                        // 'AM'","                        // case 'p':","                        case 112:","                            resultString += date.getHours() < 12 ? locale.AM : locale.PM;","                            break;","","                        // '12:00:00 AM'","                        // case 'r':","                        case 114:","                            resultString += _processFormat(locale.formats.r, date, locale, timestamp);","                            break;","","                        // '0'","                        // case 's':","                        case 115:","                            resultString += Math.floor(timestamp / 1000);","                            break;","","                        // '\\t'","                        // case 't':","                        case 116:","                            resultString += '\\t';","                            break;","","                        // '4'","                        // case 'u':","                        case 117:","                            var day = date.getDay();","                            resultString += day === 0 ? 7 : day;","                            break; // 1 - 7, Monday is first day of the week","","                        // ' 1-Jan-1970'","                        // case 'v':","                        case 118:","                            resultString += _processFormat(locale.formats.v, date, locale, timestamp);","                            break;","","                        // '4'","                        // case 'w':","                        case 119:","                            resultString += date.getDay();","                            break; // 0 - 6, Sunday is first day of the week","","                        // '12/31/69'","                        // case 'x':","                        case 120:","                            resultString += _processFormat(locale.formats.x, date, locale, timestamp);","                            break;","","                        // '70'","                        // case 'y':","                        case 121:","                            resultString += ('' + date.getFullYear()).slice(2);","                            break;","","                        // '+0000'","                        // case 'z':","                        case 122:","                            if (_useUtcBasedDate && _customTimezoneOffset === 0) {","                                resultString += extendedTZ ? \"+00:00\" : \"+0000\";","                            }","                            else {","                                var off;","                                if (_customTimezoneOffset !== 0) {","                                    off = _customTimezoneOffset / (60 * 1000);","                                }","                                else {","                                    off = -date.getTimezoneOffset();","                                }","                                var sign = off < 0 ? '-' : '+';","                                var sep = extendedTZ ? ':' : '';","                                var hours = Math.floor(Math.abs(off / 60));","                                var mins = Math.abs(off % 60);","                                resultString += sign + padTill2(hours) + sep + padTill2(mins);","                            }","                            break;","","                        default:","                            if (isInScope) {","                                resultString += '%';","                            }","                            resultString += format[i];","                            break;","                    }","","                    padding = null;","                    isInScope = false;","                    continue;","                }","","                // '%'","                if (currentCharCode === 37) {","                    isInScope = true;","                    continue;","                }","","                resultString += format[i];","            }","","            return resultString;","        }","","        var strftime = _strftime;","","        strftime.localize = function(locale) {","            return new Strftime(locale || _locale, _customTimezoneOffset, _useUtcBasedDate);","        };","","        strftime.localizeByIdentifier = function(localeIdentifier) {","            var locale = Locales[localeIdentifier];","            if (!locale) {","                warn('[WARNING] No locale found with identifier \"' + localeIdentifier + '\".');","                return strftime;","            }","            return strftime.localize(locale);","        };","","        strftime.timezone = function(timezone) {","            var customTimezoneOffset = _customTimezoneOffset;","            var useUtcBasedDate = _useUtcBasedDate;","","            var timezoneType = typeof timezone;","            if (timezoneType === 'number' || timezoneType === 'string') {","                useUtcBasedDate = true;","","                // ISO 8601 format timezone string, [-+]HHMM","                if (timezoneType === 'string') {","                    var sign = timezone[0] === '-' ? -1 : 1,","                        hours = parseInt(timezone.slice(1, 3), 10),","                        minutes = parseInt(timezone.slice(3, 5), 10);","","                    customTimezoneOffset = sign * ((60 * hours) + minutes) * 60 * 1000;","                    // in minutes: 420","                }","                else if (timezoneType === 'number') {","                    customTimezoneOffset = timezone * 60 * 1000;","                }","            }","","            return new Strftime(_locale, customTimezoneOffset, useUtcBasedDate);","        };","","        strftime.utc = function() {","            return new Strftime(_locale, _customTimezoneOffset, true);","        };","","        return strftime;","    }","","    function padTill2(numberToPad, paddingChar) {","        if (paddingChar === '' || numberToPad > 9) {","            return numberToPad;","        }","        if (paddingChar == null) {","            paddingChar = '0';","        }","        return paddingChar + numberToPad;","    }","","    function padTill3(numberToPad) {","        if (numberToPad > 99) {","            return numberToPad;","        }","        if (numberToPad > 9) {","            return '0' + numberToPad;","        }","        return '00' + numberToPad;","    }","","    function hours12(hour) {","        if (hour === 0) {","            return 12;","        }","        else if (hour > 12) {","            return hour - 12;","        }","        return hour;","    }","","    // firstWeekday: 'sunday' or 'monday', default is 'sunday'","    //","    // Pilfered & ported from Ruby's strftime implementation.","    function weekNumber(date, firstWeekday) {","        firstWeekday = firstWeekday || 'sunday';","","        // This works by shifting the weekday back by one day if we","        // are treating Monday as the first day of the week.","        var weekday = date.getDay();","        if (firstWeekday === 'monday') {","            if (weekday === 0) // Sunday","                weekday = 6;","            else","                weekday--;","        }","","        var firstDayOfYearUtc = Date.UTC(date.getFullYear(), 0, 1),","            dateUtc = Date.UTC(date.getFullYear(), date.getMonth(), date.getDate()),","            yday = Math.floor((dateUtc - firstDayOfYearUtc) / 86400000),","            weekNum = (yday + 7 - weekday) / 7;","","        return Math.floor(weekNum);","    }","","    // Get the ordinal suffix for a number: st, nd, rd, or th","    function ordinal(number) {","        var i = number % 10;","        var ii = number % 100;","","        if ((ii >= 11 && ii <= 13) || i === 0 || i >= 4) {","            return 'th';","        }","        switch (i) {","            case 1: return 'st';","            case 2: return 'nd';","            case 3: return 'rd';","        }","    }","","    function getTimestampToUtcOffsetFor(date) {","        return (date.getTimezoneOffset() || 0) * 60000;","    }","","    function warn(message) {","        if (typeof console !== 'undefined' && typeof console.warn == 'function') {","            console.warn(message)","        }","    }","","}());",""],"l":{"12":1,"14":1,"272":1,"278":1,"279":1,"284":0,"285":0,"289":1,"290":0,"291":0,"295":1,"296":1,"307":1,"308":0,"310":0,"311":0,"312":0,"313":0,"314":0,"316":0,"318":0,"321":0,"325":0,"327":0,"330":0,"332":0,"333":0,"334":0,"337":0,"338":0,"339":0,"344":0,"347":1,"348":0,"354":0,"356":0,"358":0,"360":0,"361":0,"362":0,"365":0,"366":0,"367":0,"370":0,"371":0,"372":0,"375":0,"376":0,"377":0,"379":0,"380":0,"383":0,"390":0,"391":0,"396":0,"397":0,"402":0,"403":0,"408":0,"409":0,"414":0,"415":0,"420":0,"421":0,"426":0,"427":0,"432":0,"433":0,"438":0,"439":0,"444":0,"445":0,"450":0,"451":0,"456":0,"457":0,"462":0,"463":0,"468":0,"469":0,"474":0,"475":0,"480":0,"481":0,"486":0,"487":0,"492":0,"493":0,"498":0,"499":0,"503":0,"504":0,"506":0,"511":0,"512":0,"517":0,"518":0,"523":0,"524":0,"529":0,"530":0,"535":0,"536":0,"541":0,"542":0,"547":0,"548":0,"549":0,"550":0,"555":0,"556":0,"561":0,"562":0,"567":0,"568":0,"573":0,"574":0,"581":0,"582":0,"583":0,"586":0,"588":0,"593":0,"594":0,"599":0,"600":0,"605":0,"606":0,"611":0,"612":0,"617":0,"618":0,"619":0,"624":0,"625":0,"630":0,"631":0,"636":0,"637":0,"642":0,"643":0,"648":0,"649":0,"652":0,"653":0,"654":0,"657":0,"659":0,"660":0,"661":0,"662":0,"663":0,"665":0,"668":0,"669":0,"671":0,"672":0,"675":0,"676":0,"677":0,"681":0,"682":0,"683":0,"686":0,"689":0,"692":1,"694":1,"695":0,"698":1,"699":0,"700":0,"701":0,"702":0,"704":0,"707":1,"708":0,"709":0,"711":0,"712":0,"713":0,"716":0,"717":0,"721":0,"724":0,"725":0,"729":0,"732":1,"733":0,"736":1,"739":1,"740":0,"741":0,"743":0,"744":0,"746":0,"749":1,"750":0,"751":0,"753":0,"754":0,"756":0,"759":1,"760":0,"761":0,"763":0,"764":0,"766":0,"772":1,"773":0,"777":0,"778":0,"779":0,"780":0,"782":0,"785":0,"790":0,"794":1,"795":0,"796":0,"798":0,"799":0,"801":0,"802":0,"803":0,"804":0,"808":1,"809":0,"812":1,"813":0,"814":0}}}